2023-03-16 11:47:11,053-root-INFO-Drive namec:// file namemksSandbox.log
2023-03-16 11:47:11,053-root-INFO-class used SearchFile
2023-03-16 11:47:55,304-root-INFO-Drive namec:// file namemksSandbox.log
2023-03-16 11:47:55,305-root-INFO-class used SearchFile
2023-03-16 12:29:00,304-root-INFO-Drive namec:// file namemksSandbox.log
2023-03-16 12:29:00,305-root-INFO-class used SearchFile
2023-03-16 12:29:48,287-root-INFO-Drive namec:// file namemksSandbox.log
2023-03-16 12:29:48,287-root-INFO-class used SearchFile
2023-03-16 12:31:32,174-root-INFO-Drive namec:// file namemksSandbox.log
2023-03-16 12:31:32,175-root-INFO-class used SearchFile
2023-03-16 12:39:16,458-root-INFO-Drive namec:// file namemksSandbox.log
2023-03-16 12:39:16,459-root-INFO-class used SearchFile
2023-03-16 12:44:49,122-root-INFO-Drive namec:// file namemksSandbox.log
2023-03-16 12:44:49,122-root-INFO-class used SearchFile
2023-03-16 12:45:24,558-root-INFO-Drive namec:// file namemksSandbox.log
2023-03-16 12:45:24,558-root-INFO-class used SearchFile
2023-03-16 12:48:07,988-root-INFO-Drive namec:// file namemksSandbox.log
2023-03-16 12:48:07,989-root-INFO-class used SearchFile
2023-03-16 12:48:38,624-root-INFO-Drive namec:// file namemksSandbox.log
2023-03-16 12:48:38,625-root-INFO-class used SearchFile
2023-03-16 12:49:08,857-root-INFO-Drive namec:// file namemksSandbox.log
2023-03-16 12:49:08,857-root-INFO-class used SearchFile
2023-03-16 12:49:40,100-root-INFO-Drive namec:// file namemksSandbox.log
2023-03-16 12:49:40,100-root-INFO-class used SearchFile
2023-03-16 12:50:27,057-root-INFO-Drive namec:// file namemksSandbox.log
2023-03-16 12:50:27,057-root-INFO-class used SearchFile
2023-03-16 12:50:53,346-root-INFO-Drive namec:// file namemksSandbox.log
2023-03-16 12:50:53,347-root-INFO-class used SearchFile
2023-03-16 12:50:53,430-root-INFO-myhcl database is connected
2023-03-16 12:50:53,437-root-INFO-Not Found in Database
2023-03-16 12:50:53,437-root-INFO-Now Searching in Drives
2023-03-16 12:50:53,438-root-INFO- for searching in drive  SearchFilesDrivesis used
2023-03-16 12:52:12,013-root-INFO-Drive namec:// file namemksSandbox.log
2023-03-16 12:52:12,013-root-INFO-class used SearchFile
2023-03-16 12:52:46,038-root-INFO-Drive namec:// file namemksSandbox.log
2023-03-16 12:52:46,039-root-INFO-class used SearchFile
2023-03-16 12:55:11,290-root-INFO-Drive namec:// file namemksSandbox.log
2023-03-16 12:55:11,290-root-INFO-class used SearchFile
2023-03-16 12:55:11,368-root-INFO-myhcl database is connected
2023-03-16 12:55:11,369-root-INFO-Not Found in Database
2023-03-16 12:55:11,370-root-INFO-Now Searching in Drives
2023-03-16 12:55:11,370-root-INFO- for searching in drive  SearchFilesDrivesis used
2023-03-16 12:56:40,592-root-INFO-Drive namec:// file namemksSandbox.log
2023-03-16 12:56:40,593-root-INFO-class used SearchFile
2023-03-16 12:56:40,668-root-INFO-myhcl database is connected
2023-03-16 12:56:40,669-root-INFO-Not Found in Database
2023-03-16 12:56:40,669-root-INFO-Now Searching in Drives
2023-03-16 12:56:40,670-root-INFO- for searching in drive  SearchFilesDrivesis used
2023-03-16 12:58:06,738-root-INFO-Drive namec:// file namemksSandbox.log
2023-03-16 12:58:06,739-root-INFO-class used SearchFile
2023-03-16 12:58:06,813-root-INFO-myhcl database is connected
2023-03-16 12:58:06,814-root-INFO-Not Found in Database
2023-03-16 12:58:06,814-root-INFO-Now Searching in Drives
2023-03-16 12:58:06,815-root-INFO- for searching in drive  SearchFilesDrivesis used
2023-03-16 12:59:19,547-root-INFO-Drive namec:// file namemksSandbox.log
2023-03-16 12:59:19,548-root-INFO-class used SearchFile
2023-03-16 12:59:19,624-root-INFO-myhcl database is connected
2023-03-16 12:59:19,625-root-INFO-Not Found in Database
2023-03-16 12:59:19,625-root-INFO-Now Searching in Drives
2023-03-16 12:59:19,626-root-INFO- for searching in drive  SearchFilesDrivesis used
2023-03-16 13:00:30,580-root-INFO-Drive namec:// file namemksSandbox.log
2023-03-16 13:00:30,580-root-INFO-class used SearchFile
2023-03-16 13:00:30,662-root-INFO-myhcl database is connected
2023-03-16 13:00:30,664-root-INFO-Not Found in Database
2023-03-16 13:00:30,664-root-INFO-Now Searching in Drives
2023-03-16 13:00:30,664-root-INFO- for searching in drive  SearchFilesDrivesis used
2023-03-16 13:01:37,045-root-INFO-Drive namec:// file namemksSandbox.log
2023-03-16 13:01:37,045-root-INFO-class used SearchFile
2023-03-16 13:01:37,139-root-INFO-myhcl database is connected
2023-03-16 13:01:37,141-root-INFO-Not Found in Database
2023-03-16 13:01:37,141-root-INFO-Now Searching in Drives
2023-03-16 13:01:37,144-root-INFO- for searching in drive  SearchFilesDrivesis used
2023-03-16 13:06:02,488-root-INFO-Drive namec:// file namemksSandbox.log
2023-03-16 13:06:02,489-root-INFO-class used SearchFile
2023-03-16 13:06:02,575-root-INFO-myhcl database is connected
2023-03-16 13:06:02,577-root-INFO-Not Found in Database
2023-03-16 13:06:02,577-root-INFO-Now Searching in Drives
2023-03-16 13:06:02,577-root-INFO- for searching in drive  SearchFilesDrivesis used
2023-03-16 13:06:11,673-root-INFO-time taken9.096032619476318
2023-03-16 13:06:11,674-root-INFO-Ending
2023-03-16 13:06:45,884-root-INFO-Drive namec:// file namemksSandbox.log
2023-03-16 13:06:45,884-root-INFO-class used SearchFile
2023-03-16 13:06:45,973-root-INFO-myhcl database is connected
2023-03-16 15:08:02,872-root-INFO-Drive name file namec://
2023-03-16 15:08:02,873-root-INFO-class used SearchFile
2023-03-16 15:08:02,964-root-INFO-myhcl database is connected
2023-03-16 15:08:02,967-root-INFO-Not Found in Database
2023-03-16 15:08:02,968-root-INFO-Now Searching in Drives
2023-03-16 15:08:02,968-root-INFO- for searching in drive  SearchFilesDrivesis used
2023-03-16 15:08:02,983-root-INFO-time taken0.015010833740234375
2023-03-16 15:08:02,984-root-INFO-Ending
2023-03-16 16:53:37,119-root-INFO-Drive namec:// file namemksSandbox.log
2023-03-16 16:53:37,120-root-INFO-class used SearchFile
2023-03-16 16:53:37,233-root-INFO-myhcl database is connected
2023-03-17 11:49:53,525-root-INFO-Drive namec:// file nameLICENSE.txt
2023-03-17 11:49:53,525-root-INFO-class used SearchFile
2023-03-17 11:49:53,663-root-INFO-myhcl database is connected
2023-03-17 11:49:53,667-root-INFO-Not Found in Database
2023-03-17 11:49:53,667-root-INFO-Now Searching in Drives
2023-03-17 11:49:53,667-root-INFO- for searching in drive  SearchFilesDrivesis used
2023-03-17 11:56:14,276-root-INFO-Drive nameC:// file nameLICENSE.txt
2023-03-17 11:56:14,277-root-INFO-class used SearchFile
2023-03-17 11:56:14,423-root-INFO-myhcl database is connected
2023-03-17 11:56:14,427-root-INFO-Not Found in Database
2023-03-17 11:56:14,427-root-INFO-Now Searching in Drives
2023-03-17 11:56:14,427-root-INFO- for searching in drive  SearchFilesDrivesis used
2023-03-17 11:57:01,524-root-INFO-Drive nameC:// file nameLICENSE.txt
2023-03-17 11:57:01,524-root-INFO-class used SearchFile
2023-03-17 11:57:01,617-root-INFO-myhcl database is connected
2023-03-17 11:57:01,619-root-INFO-Not Found in Database
2023-03-17 11:57:01,619-root-INFO-Now Searching in Drives
2023-03-17 11:57:01,619-root-INFO- for searching in drive  SearchFilesDrivesis used
2023-03-17 11:58:15,008-root-INFO-Drive nameC:// file nameLICENSE.txt
2023-03-17 11:58:15,009-root-INFO-class used SearchFile
2023-03-17 11:58:15,102-root-INFO-myhcl database is connected
2023-03-17 11:58:15,105-root-INFO-Not Found in Database
2023-03-17 11:58:15,105-root-INFO-Now Searching in Drives
2023-03-17 11:58:15,106-root-INFO- for searching in drive  SearchFilesDrivesis used
2023-03-17 11:58:24,498-root-INFO-time taken9.392296075820923
2023-03-17 11:58:24,498-root-INFO-Ending
2023-03-17 12:02:19,267-root-INFO-Drive nameC:// file nameLICENSE.txt
2023-03-17 12:02:19,267-root-INFO-class used SearchFile
2023-03-17 12:02:19,369-root-INFO-myhcl database is connected
2023-03-17 12:04:34,798-root-INFO-Drive nameC:// file namelava.txt
2023-03-17 12:04:34,799-root-INFO-class used SearchFile
2023-03-17 12:04:34,903-root-INFO-myhcl database is connected
2023-03-17 12:04:34,907-root-INFO-Not Found in Database
2023-03-17 12:04:34,907-root-INFO-Now Searching in Drives
2023-03-17 12:04:34,908-root-INFO- for searching in drive  SearchFilesDrivesis used
2023-03-17 12:08:02,144-root-INFO-Drive namec:/ file namelava.txt
2023-03-17 12:08:02,606-root-INFO-class used SearchFile
2023-03-17 12:08:02,700-root-INFO-myhcl database is connected
2023-03-17 12:08:02,703-root-INFO-Not Found in Database
2023-03-17 12:08:02,703-root-INFO-Now Searching in Drives
2023-03-17 12:08:02,703-root-INFO- for searching in drive  SearchFilesDrivesis used
2023-03-17 12:08:12,030-root-INFO-time taken9.326720237731934
2023-03-17 12:08:12,031-root-INFO-Ending
